+ ld obj/kern/kernel
+ mk obj/kern/kernel.img

(process:12765): GLib-WARNING **: /build/glib2.0-7ZsPUq/glib2.0-2.48.2/./glib/gmem.c:483: custom memory allocation vtable not supported

(process:12767): GLib-WARNING **: /build/glib2.0-7ZsPUq/glib2.0-2.48.2/./glib/gmem.c:483: custom memory allocation vtable not supported
6828 decimal is 15254 octal!
Physical memory: 66556K available, base = 640K, extended = 65532K
check_page_alloc() succeeded!
check_page() succeeded!
check_kern_pgdir() succeeded!
check_page_installed_pgdir() succeeded!
SMP: CPU 0 found 4 CPU(s)
enabled interrupts: 1 2
SMP: CPU 1 starting
SMP: CPU 2 starting
SMP: CPU 3 starting
[00000000] new env 00001000
env_pgfault_upcall is 8393128
[00001000] new env 00001001
env_pgfault_upcall is 8393128
CPU 0: 2 [00001001] new env 00001002
env_pgfault_upcall is 8393128
CPU 2: 3 [00001002] new env 00001003
env_pgfault_upcall is 8393128
CPU 0: 5 [00001003] new env 00001004
env_pgfault_upcall is 8393128
CPU 0: 7 [00001004] new env 00001005
env_pgfault_upcall is 8393128
CPU 1: 11 [00001005] new env 00001006
env_pgfault_upcall is 8393128
CPU 1: 13 [00001006] new env 00001007
env_pgfault_upcall is 8393128
CPU 0: 17 [00001007] new env 00001008
env_pgfault_upcall is 8393128
CPU 3: 19 [00001008] new env 00001009
env_pgfault_upcall is 8393128
CPU 1: 23 [00001009] new env 0000100a
env_pgfault_upcall is 8393128
CPU 0: 29 [0000100a] new env 0000100b
env_pgfault_upcall is 8393128
CPU 1: 31 [0000100b] new env 0000100c
env_pgfault_upcall is 8393128
CPU 2: 37 [0000100c] new env 0000100d
env_pgfault_upcall is 8393128
CPU 1: 41 [0000100d] new env 0000100e
env_pgfault_upcall is 8393128
CPU 1: 43 [0000100e] new env 0000100f
env_pgfault_upcall is 8393128
CPU 1: 47 [0000100f] new env 00001010
env_pgfault_upcall is 8393128
CPU 3: 53 [00001010] new env 00001011
env_pgfault_upcall is 8393128
CPU 1: 59 [00001011] new env 00001012
env_pgfault_upcall is 8393128
CPU 2: 61 [00001012] new env 00001013
env_pgfault_upcall is 8393128
CPU 2: 67 [00001013] new env 00001014
env_pgfault_upcall is 8393128
CPU 1: 71 [00001014] new env 00001015
env_pgfault_upcall is 8393128
CPU 3: 73 [00001015] new env 00001016
env_pgfault_upcall is 8393128
CPU 2: 79 [00001016] new env 00001017
env_pgfault_upcall is 8393128
CPU 3: 83 [00001017] new env 00001018
env_pgfault_upcall is 8393128
CPU 0: 89 [00001018] new env 00001019
env_pgfault_upcall is 8393128
CPU 3: 97 [00001019] new env 0000101a
env_pgfault_upcall is 8393128
CPU 1: 101 [0000101a] new env 0000101b
env_pgfault_upcall is 8393128
CPU 1: 103 [0000101b] new env 0000101c
env_pgfault_upcall is 8393128
CPU 2: 107 [0000101c] new env 0000101d
env_pgfault_upcall is 8393128
CPU 2: 109 [0000101d] new env 0000101e
env_pgfault_upcall is 8393128
CPU 1: 113 [0000101e] new env 0000101f
env_pgfault_upcall is 8393128
CPU 2: 127 [0000101f] new env 00001020
env_pgfault_upcall is 8393128
CPU 3: 131 [00001020] new env 00001021
env_pgfault_upcall is 8393128
CPU 3: 137 [00001021] new env 00001022
env_pgfault_upcall is 8393128
CPU 1: 139 [00001022] new env 00001023
env_pgfault_upcall is 8393128
CPU 3: 149 [00001023] new env 00001024
env_pgfault_upcall is 8393128
CPU 3: 151 [00001024] new env 00001025
env_pgfault_upcall is 8393128
CPU 3: 157 [00001025] new env 00001026
env_pgfault_upcall is 8393128
CPU 2: 163 [00001026] new env 00001027
env_pgfault_upcall is 8393128
CPU 1: 167 [00001027] new env 00001028
env_pgfault_upcall is 8393128
CPU 0: 173 [00001028] new env 00001029
env_pgfault_upcall is 8393128
CPU 0: 179 [00001029] new env 0000102a
env_pgfault_upcall is 8393128
CPU 3: 181 [0000102a] new env 0000102b
env_pgfault_upcall is 8393128
CPU 2: 191 [0000102b] new env 0000102c
env_pgfault_upcall is 8393128
CPU 2: 193 [0000102c] new env 0000102d
env_pgfault_upcall is 8393128
CPU 2: 197 [0000102d] new env 0000102e
env_pgfault_upcall is 8393128
CPU 0: 199 [0000102e] new env 0000102f
env_pgfault_upcall is 8393128
CPU 3: 211 [0000102f] new env 00001030
env_pgfault_upcall is 8393128
CPU 0: 223 [00001030] new env 00001031
env_pgfault_upcall is 8393128
CPU 0: 227 [00001031] new env 00001032
env_pgfault_upcall is 8393128
CPU 3: 229 [00001032] new env 00001033
env_pgfault_upcall is 8393128
CPU 2: 233 [00001033] new env 00001034
env_pgfault_upcall is 8393128
CPU 0: 239 [00001034] new env 00001035
env_pgfault_upcall is 8393128
CPU 3: 241 [00001035] new env 00001036
env_pgfault_upcall is 8393128
CPU 1: 251 [00001036] new env 00001037
env_pgfault_upcall is 8393128
CPU 1: 257 [00001037] new env 00001038
env_pgfault_upcall is 8393128
CPU 1: 263 [00001038] new env 00001039
env_pgfault_upcall is 8393128
CPU 1: 269 [00001039] new env 0000103a
env_pgfault_upcall is 8393128
CPU 2: 271 [0000103a] new env 0000103b
env_pgfault_upcall is 8393128
CPU 1: 277 [0000103b] new env 0000103c
env_pgfault_upcall is 8393128
CPU 0: 281 [0000103c] new env 0000103d
env_pgfault_upcall is 8393128
CPU 1: 283 [0000103d] new env 0000103e
env_pgfault_upcall is 8393128
CPU 1: 293 [0000103e] new env 0000103f
env_pgfault_upcall is 8393128
CPU 1: 307 [0000103f] new env 00001040
env_pgfault_upcall is 8393128
CPU 0: 311 [00001040] new env 00001041
env_pgfault_upcall is 8393128
CPU 0: 313 [00001041] new env 00001042
env_pgfault_upcall is 8393128
CPU 3: 317 [00001042] new env 00001043
env_pgfault_upcall is 8393128
CPU 0: 331 [00001043] new env 00001044
env_pgfault_upcall is 8393128
CPU 1: 337 [00001044] new env 00001045
env_pgfault_upcall is 8393128
CPU 2: 347 [00001045] new env 00001046
env_pgfault_upcall is 8393128
CPU 1: 349 [00001046] new env 00001047
env_pgfault_upcall is 8393128
CPU 1: 353 [00001047] new env 00001048
env_pgfault_upcall is 8393128
CPU 1: 359 [00001048] new env 00001049
env_pgfault_upcall is 8393128
CPU 0: 367 [00001049] new env 0000104a
env_pgfault_upcall is 8393128
CPU 1: 373 [0000104a] new env 0000104b
env_pgfault_upcall is 8393128
CPU 0: 379 [0000104b] new env 0000104c
env_pgfault_upcall is 8393128
CPU 2: 383 [0000104c] new env 0000104d
env_pgfault_upcall is 8393128
CPU 1: 389 [0000104d] new env 0000104e
env_pgfault_upcall is 8393128
CPU 1: 397 [0000104e] new env 0000104f
env_pgfault_upcall is 8393128
CPU 2: 401 [0000104f] new env 00001050
env_pgfault_upcall is 8393128
CPU 2: 409 [00001050] new env 00001051
env_pgfault_upcall is 8393128
CPU 2: 419 [00001051] new env 00001052
env_pgfault_upcall is 8393128
CPU 2: 421 [00001052] new env 00001053
env_pgfault_upcall is 8393128
CPU 0: 431 [00001053] new env 00001054
env_pgfault_upcall is 8393128
CPU 1: 433 [00001054] new env 00001055
env_pgfault_upcall is 8393128
CPU 1: 439 [00001055] new env 00001056
env_pgfault_upcall is 8393128
CPU 3: 443 [00001056] new env 00001057
env_pgfault_upcall is 8393128
CPU 1: 449 [00001057] new env 00001058
env_pgfault_upcall is 8393128
CPU 1: 457 [00001058] new env 00001059
env_pgfault_upcall is 8393128
CPU 1: 461 [00001059] new env 0000105a
env_pgfault_upcall is 8393128
CPU 1: 463 [0000105a] new env 0000105b
env_pgfault_upcall is 8393128
CPU 2: 467 [0000105b] new env 0000105c
env_pgfault_upcall is 8393128
CPU 0: 479 [0000105c] new env 0000105d
env_pgfault_upcall is 8393128
CPU 0: 487 [0000105d] new env 0000105e
env_pgfault_upcall is 8393128
CPU 3: 491 [0000105e] new env 0000105f
env_pgfault_upcall is 8393128
CPU 3: 499 [0000105f] new env 00001060
env_pgfault_upcall is 8393128
CPU 2: 503 [00001060] new env 00001061
env_pgfault_upcall is 8393128
CPU 3: 509 [00001061] new env 00001062
env_pgfault_upcall is 8393128
CPU 0: 521 [00001062] new env 00001063
env_pgfault_upcall is 8393128
CPU 1: 523 [00001063] new env 00001064
env_pgfault_upcall is 8393128
CPU 0: 541 [00001064] new env 00001065
env_pgfault_upcall is 8393128
CPU 2: 547 [00001065] new env 00001066
env_pgfault_upcall is 8393128
CPU 3: 557 [00001066] new env 00001067
env_pgfault_upcall is 8393128
CPU 3: 563 [00001067] new env 00001068
env_pgfault_upcall is 8393128
CPU 1: 569 [00001068] new env 00001069
env_pgfault_upcall is 8393128
CPU 3: 571 [00001069] new env 0000106a
env_pgfault_upcall is 8393128
CPU 0: 577 [0000106a] new env 0000106b
env_pgfault_upcall is 8393128
CPU 3: 587 [0000106b] new env 0000106c
env_pgfault_upcall is 8393128
CPU 0: 593 [0000106c] new env 0000106d
env_pgfault_upcall is 8393128
CPU 0: 599 [0000106d] new env 0000106e
env_pgfault_upcall is 8393128
CPU 1: 601 [0000106e] new env 0000106f
env_pgfault_upcall is 8393128
CPU 0: 607 [0000106f] new env 00001070
env_pgfault_upcall is 8393128
CPU 3: 613 [00001070] new env 00001071
env_pgfault_upcall is 8393128
CPU 3: 617 [00001071] new env 00001072
env_pgfault_upcall is 8393128
CPU 1: 619 [00001072] new env 00001073
env_pgfault_upcall is 8393128
CPU 1: 631 [00001073] new env 00001074
env_pgfault_upcall is 8393128
CPU 2: 641 [00001074] new env 00001075
env_pgfault_upcall is 8393128
CPU 0: 643 [00001075] new env 00001076
env_pgfault_upcall is 8393128
CPU 0: 647 [00001076] new env 00001077
env_pgfault_upcall is 8393128
CPU 3: 653 [00001077] new env 00001078
env_pgfault_upcall is 8393128
CPU 2: 659 [00001078] new env 00001079
env_pgfault_upcall is 8393128
CPU 1: 661 [00001079] new env 0000107a
env_pgfault_upcall is 8393128
CPU 3: 673 [0000107a] new env 0000107b
env_pgfault_upcall is 8393128
CPU 3: 677 [0000107b] new env 0000107c
env_pgfault_upcall is 8393128
CPU 2: 683 [0000107c] new env 0000107d
env_pgfault_upcall is 8393128
CPU 1: 691 [0000107d] new env 0000107e
env_pgfault_upcall is 8393128
CPU 2: 701 [0000107e] new env 0000107f
env_pgfault_upcall is 8393128
CPU 0: 709 [0000107f] new env 00001080
env_pgfault_upcall is 8393128
CPU 1: 719 [00001080] new env 00001081
env_pgfault_upcall is 8393128
CPU 0: 727 [00001081] new env 00001082
env_pgfault_upcall is 8393128
CPU 3: 733 [00001082] new env 00001083
env_pgfault_upcall is 8393128
CPU 3: 739 [00001083] new env 00001084
env_pgfault_upcall is 8393128
CPU 3: 743 [00001084] new env 00001085
env_pgfault_upcall is 8393128
CPU 3: 751 [00001085] new env 00001086
env_pgfault_upcall is 8393128
CPU 3: 757 [00001086] new env 00001087
env_pgfault_upcall is 8393128
CPU 2: 761 [00001087] new env 00001088
env_pgfault_upcall is 8393128
CPU 0: 769 [00001088] new env 00001089
env_pgfault_upcall is 8393128
CPU 0: 773 [00001089] new env 0000108a
env_pgfault_upcall is 8393128
CPU 2: 787 [0000108a] new env 0000108b
env_pgfault_upcall is 8393128
CPU 0: 797 [0000108b] new env 0000108c
env_pgfault_upcall is 8393128
CPU 0: 809 [0000108c] new env 0000108d
env_pgfault_upcall is 8393128
CPU 2: 811 [0000108d] new env 0000108e
env_pgfault_upcall is 8393128
CPU 2: 821 [0000108e] new env 0000108f
env_pgfault_upcall is 8393128
CPU 2: 823 [0000108f] new env 00001090
env_pgfault_upcall is 8393128
CPU 1: 827 [00001090] new env 00001091
env_pgfault_upcall is 8393128
CPU 1: 829 [00001091] new env 00001092
env_pgfault_upcall is 8393128
CPU 1: 839 [00001092] new env 00001093
env_pgfault_upcall is 8393128
CPU 0: 853 [00001093] new env 00001094
env_pgfault_upcall is 8393128
CPU 1: 857 [00001094] new env 00001095
env_pgfault_upcall is 8393128
CPU 1: 859 [00001095] new env 00001096
env_pgfault_upcall is 8393128
CPU 3: 863 [00001096] new env 00001097
env_pgfault_upcall is 8393128
CPU 3: 877 [00001097] new env 00001098
env_pgfault_upcall is 8393128
CPU 2: 881 [00001098] new env 00001099
env_pgfault_upcall is 8393128
CPU 0: 883 [00001099] new env 0000109a
env_pgfault_upcall is 8393128
CPU 3: 887 [0000109a] new env 0000109b
env_pgfault_upcall is 8393128
CPU 2: 907 [0000109b] new env 0000109c
env_pgfault_upcall is 8393128
CPU 3: 911 [0000109c] new env 0000109d
env_pgfault_upcall is 8393128
CPU 1: 919 [0000109d] new env 0000109e
env_pgfault_upcall is 8393128
CPU 1: 929 [0000109e] new env 0000109f
env_pgfault_upcall is 8393128
CPU 3: 937 [0000109f] new env 000010a0
env_pgfault_upcall is 8393128
CPU 0: 941 [000010a0] new env 000010a1
env_pgfault_upcall is 8393128
CPU 2: 947 [000010a1] new env 000010a2
env_pgfault_upcall is 8393128
CPU 2: 953 [000010a2] new env 000010a3
env_pgfault_upcall is 8393128
CPU 0: 967 [000010a3] new env 000010a4
env_pgfault_upcall is 8393128
CPU 1: 971 [000010a4] new env 000010a5
env_pgfault_upcall is 8393128
CPU 1: 977 [000010a5] new env 000010a6
env_pgfault_upcall is 8393128
CPU 1: 983 [000010a6] new env 000010a7
env_pgfault_upcall is 8393128
CPU 0: 991 [000010a7] new env 000010a8
env_pgfault_upcall is 8393128
CPU 1: 997 [000010a8] new env 000010a9
env_pgfault_upcall is 8393128
CPU 0: 1009 [000010a9] new env 000010aa
env_pgfault_upcall is 8393128
CPU 3: 1013 [000010aa] new env 000010ab
env_pgfault_upcall is 8393128
CPU 1: 1019 [000010ab] new env 000010ac
env_pgfault_upcall is 8393128
CPU 3: 1021 [000010ac] new env 000010ad
env_pgfault_upcall is 8393128
CPU 3: 1031 [000010ad] new env 000010ae
env_pgfault_upcall is 8393128
CPU 2: 1033 [000010ae] new env 000010af
env_pgfault_upcall is 8393128
CPU 1: 1039 [000010af] new env 000010b0
env_pgfault_upcall is 8393128
CPU 0: 1049 [000010b0] new env 000010b1
env_pgfault_upcall is 8393128
CPU 0: 1051 [000010b1] new env 000010b2
env_pgfault_upcall is 8393128
CPU 1: 1061 [000010b2] new env 000010b3
env_pgfault_upcall is 8393128
CPU 3: 1063 [000010b3] new env 000010b4
env_pgfault_upcall is 8393128
CPU 0: 1069 [000010b4] new env 000010b5
env_pgfault_upcall is 8393128
CPU 1: 1087 [000010b5] new env 000010b6
env_pgfault_upcall is 8393128
CPU 1: 1091 [000010b6] new env 000010b7
env_pgfault_upcall is 8393128
CPU 3: 1093 [000010b7] new env 000010b8
env_pgfault_upcall is 8393128
CPU 0: 1097 [000010b8] new env 000010b9
env_pgfault_upcall is 8393128
CPU 3: 1103 [000010b9] new env 000010ba
env_pgfault_upcall is 8393128
CPU 3: 1109 [000010ba] new env 000010bb
env_pgfault_upcall is 8393128
CPU 2: 1117 [000010bb] new env 000010bc
env_pgfault_upcall is 8393128
CPU 2: 1123 [000010bc] new env 000010bd
env_pgfault_upcall is 8393128
CPU 2: 1129 [000010bd] new env 000010be
env_pgfault_upcall is 8393128
CPU 3: 1151 [000010be] new env 000010bf
env_pgfault_upcall is 8393128
CPU 2: 1153 [000010bf] new env 000010c0
env_pgfault_upcall is 8393128
CPU 2: 1163 [000010c0] new env 000010c1
env_pgfault_upcall is 8393128
CPU 2: 1171 [000010c1] new env 000010c2
env_pgfault_upcall is 8393128
CPU 3: 1181 [000010c2] new env 000010c3
env_pgfault_upcall is 8393128
CPU 0: 1187 [000010c3] new env 000010c4
env_pgfault_upcall is 8393128
CPU 1: 1193 [000010c4] new env 000010c5
env_pgfault_upcall is 8393128
CPU 2: 1201 [000010c5] new env 000010c6
env_pgfault_upcall is 8393128
CPU 1: 1213 [000010c6] new env 000010c7
env_pgfault_upcall is 8393128
CPU 0: 1217 [000010c7] new env 000010c8
env_pgfault_upcall is 8393128
CPU 1: 1223 [000010c8] new env 000010c9
env_pgfault_upcall is 8393128
CPU 1: 1229 [000010c9] new env 000010ca
env_pgfault_upcall is 8393128
CPU 3: 1231 [000010ca] new env 000010cb
env_pgfault_upcall is 8393128
CPU 2: 1237 [000010cb] new env 000010cc
env_pgfault_upcall is 8393128
CPU 0: 1249 [000010cc] new env 000010cd
env_pgfault_upcall is 8393128
CPU 2: 1259 [000010cd] new env 000010ce
env_pgfault_upcall is 8393128
CPU 0: 1277 [000010ce] new env 000010cf
env_pgfault_upcall is 8393128
CPU 0: 1279 [000010cf] new env 000010d0
env_pgfault_upcall is 8393128
CPU 0: 1283 [000010d0] new env 000010d1
env_pgfault_upcall is 8393128
CPU 3: 1289 [000010d1] new env 000010d2
env_pgfault_upcall is 8393128
CPU 1: 1291 [000010d2] new env 000010d3
env_pgfault_upcall is 8393128
CPU 2: 1297 [000010d3] new env 000010d4
env_pgfault_upcall is 8393128
CPU 1: 1301 [000010d4] new env 000010d5
env_pgfault_upcall is 8393128
CPU 0: 1303 [000010d5] new env 000010d6
env_pgfault_upcall is 8393128
CPU 2: 1307 [000010d6] new env 000010d7
env_pgfault_upcall is 8393128
CPU 0: 1319 [000010d7] new env 000010d8
env_pgfault_upcall is 8393128
CPU 1: 1321 [000010d8] new env 000010d9
env_pgfault_upcall is 8393128
CPU 0: 1327 [000010d9] new env 000010da
env_pgfault_upcall is 8393128
CPU 3: 1361 [000010da] new env 000010db
env_pgfault_upcall is 8393128
CPU 0: 1367 [000010db] new env 000010dc
env_pgfault_upcall is 8393128
CPU 2: 1373 [000010dc] new env 000010dd
env_pgfault_upcall is 8393128
CPU 0: 1381 [000010dd] new env 000010de
env_pgfault_upcall is 8393128
CPU 1: 1399 [000010de] new env 000010df
env_pgfault_upcall is 8393128
CPU 1: 1409 [000010df] new env 000010e0
env_pgfault_upcall is 8393128
CPU 0: 1423 [000010e0] new env 000010e1
env_pgfault_upcall is 8393128
CPU 2: 1427 [000010e1] new env 000010e2
env_pgfault_upcall is 8393128
CPU 3: 1429 [000010e2] new env 000010e3
env_pgfault_upcall is 8393128
CPU 0: 1433 [000010e3] new env 000010e4
env_pgfault_upcall is 8393128
CPU 0: 1439 [000010e4] new env 000010e5
env_pgfault_upcall is 8393128
CPU 2: 1447 [000010e5] new env 000010e6
env_pgfault_upcall is 8393128
CPU 1: 1451 [000010e6] new env 000010e7
env_pgfault_upcall is 8393128
CPU 2: 1453 [000010e7] new env 000010e8
env_pgfault_upcall is 8393128
CPU 0: 1459 [000010e8] new env 000010e9
env_pgfault_upcall is 8393128
CPU 2: 1471 [000010e9] new env 000010ea
env_pgfault_upcall is 8393128
CPU 2: 1481 [000010ea] new env 000010eb
env_pgfault_upcall is 8393128
CPU 0: 1483 [000010eb] new env 000010ec
env_pgfault_upcall is 8393128
CPU 2: 1487 [000010ec] new env 000010ed
env_pgfault_upcall is 8393128
CPU 2: 1489 [000010ed] new env 000010ee
env_pgfault_upcall is 8393128
CPU 0: 1493 [000010ee] new env 000010ef
env_pgfault_upcall is 8393128
CPU 0: 1499 [000010ef] new env 000010f0
env_pgfault_upcall is 8393128
CPU 2: 1511 [000010f0] new env 000010f1
env_pgfault_upcall is 8393128
CPU 2: 1523 [000010f1] new env 000010f2
env_pgfault_upcall is 8393128
CPU 0: 1531 [000010f2] new env 000010f3
env_pgfault_upcall is 8393128
CPU 2: 1543 [000010f3] new env 000010f4
env_pgfault_upcall is 8393128
CPU 1: 1549 [000010f4] new env 000010f5
env_pgfault_upcall is 8393128
CPU 0: 1553 [000010f5] new env 000010f6
env_pgfault_upcall is 8393128
CPU 0: 1559 [000010f6] new env 000010f7
env_pgfault_upcall is 8393128
CPU 2: 1567 [000010f7] new env 000010f8
env_pgfault_upcall is 8393128
CPU 1: 1571 [000010f8] new env 000010f9
env_pgfault_upcall is 8393128
CPU 2: 1579 [000010f9] new env 000010fa
env_pgfault_upcall is 8393128
CPU 3: 1583 [000010fa] new env 000010fb
env_pgfault_upcall is 8393128
CPU 3: 1597 [000010fb] new env 000010fc
env_pgfault_upcall is 8393128
CPU 2: 1601 [000010fc] new env 000010fd
env_pgfault_upcall is 8393128
CPU 1: 1607 [000010fd] new env 000010fe
env_pgfault_upcall is 8393128
CPU 0: 1609 [000010fe] new env 000010ff
env_pgfault_upcall is 8393128
CPU 3: 1613 [000010ff] new env 00001100
env_pgfault_upcall is 8393128
CPU 3: 1619 [00001100] new env 00001101
env_pgfault_upcall is 8393128
CPU 2: 1621 [00001101] new env 00001102
env_pgfault_upcall is 8393128
CPU 0: 1627 [00001102] new env 00001103
env_pgfault_upcall is 8393128
CPU 0: 1637 [00001103] new env 00001104
env_pgfault_upcall is 8393128
CPU 2: 1657 [00001104] new env 00001105
env_pgfault_upcall is 8393128
CPU 1: 1663 [00001105] new env 00001106
env_pgfault_upcall is 8393128
CPU 2: 1667 [00001106] new env 00001107
env_pgfault_upcall is 8393128
CPU 1: 1669 [00001107] new env 00001108
env_pgfault_upcall is 8393128
CPU 2: 1693 [00001108] new env 00001109
env_pgfault_upcall is 8393128
CPU 1: 1697 [00001109] new env 0000110a
env_pgfault_upcall is 8393128
CPU 2: 1699 [0000110a] new env 0000110b
env_pgfault_upcall is 8393128
CPU 0: 1709 [0000110b] new env 0000110c
env_pgfault_upcall is 8393128
CPU 1: 1721 [0000110c] new env 0000110d
env_pgfault_upcall is 8393128
CPU 3: 1723 [0000110d] new env 0000110e
env_pgfault_upcall is 8393128
CPU 3: 1733 [0000110e] new env 0000110f
env_pgfault_upcall is 8393128
CPU 0: 1741 [0000110f] new env 00001110
env_pgfault_upcall is 8393128
CPU 1: 1747 [00001110] new env 00001111
env_pgfault_upcall is 8393128
CPU 2: 1753 [00001111] new env 00001112
env_pgfault_upcall is 8393128
CPU 0: 1759 [00001112] new env 00001113
env_pgfault_upcall is 8393128
CPU 3: 1777 [00001113] new env 00001114
env_pgfault_upcall is 8393128
CPU 3: 1783 [00001114] new env 00001115
env_pgfault_upcall is 8393128
CPU 1: 1787 [00001115] new env 00001116
env_pgfault_upcall is 8393128
CPU 1: 1789 [00001116] new env 00001117
env_pgfault_upcall is 8393128
CPU 1: 1801 [00001117] new env 00001118
env_pgfault_upcall is 8393128
CPU 1: 1811 [00001118] new env 00001119
env_pgfault_upcall is 8393128
CPU 1: 1823 [00001119] new env 0000111a
env_pgfault_upcall is 8393128
CPU 0: 1831 [0000111a] new env 0000111b
env_pgfault_upcall is 8393128
CPU 0: 1847 [0000111b] new env 0000111c
env_pgfault_upcall is 8393128
CPU 2: 1861 [0000111c] new env 0000111d
env_pgfault_upcall is 8393128
CPU 3: 1867 [0000111d] new env 0000111e
env_pgfault_upcall is 8393128
CPU 2: 1871 [0000111e] new env 0000111f
env_pgfault_upcall is 8393128
CPU 0: 1873 [0000111f] new env 00001120
env_pgfault_upcall is 8393128
CPU 3: 1877 [00001120] new env 00001121
qemu: terminating on signal 15 from pid 12689
